
-----------------------------------------------------------------
  pg_upgrade run on Fri Oct 14 22:55:50 2016
-----------------------------------------------------------------

You must identify the directory where the old cluster binaries reside.
Please use the -b command-line option or the PGBINOLD environment variable.

-----------------------------------------------------------------
  pg_upgrade run on Fri Oct 14 22:56:32 2016
-----------------------------------------------------------------

You must identify the directory where the new cluster binaries reside.
Please use the -B command-line option or the PGBINNEW environment variable.

-----------------------------------------------------------------
  pg_upgrade run on Fri Oct 14 22:57:11 2016
-----------------------------------------------------------------

You must identify the directory where the new cluster binaries reside.
Please use the -B command-line option or the PGBINNEW environment variable.

-----------------------------------------------------------------
  pg_upgrade run on Fri Oct 14 22:59:16 2016
-----------------------------------------------------------------

You must identify the directory where the old cluster data resides.
Please use the -d command-line option or the PGDATAOLD environment variable.

-----------------------------------------------------------------
  pg_upgrade run on Fri Oct 14 22:59:54 2016
-----------------------------------------------------------------

You must identify the directory where the new cluster data resides.
Please use the -D command-line option or the PGDATANEW environment variable.

-----------------------------------------------------------------
  pg_upgrade run on Fri Oct 14 23:00:00 2016
-----------------------------------------------------------------

check for "/usr/local/var/postgres" failed: No such file or directory

